Analysis & Synthesis report for circuit_d
Tue Jan 02 17:02:32 2024
Quartus Prime Version 20.1.0 Build 711 06/05/2020 SJ Lite Edition


---------------------
; Table of Contents ;
---------------------
  1. Legal Notice
  2. Analysis & Synthesis Summary
  3. Analysis & Synthesis Settings
  4. Parallel Compilation
  5. Analysis & Synthesis Source Files Read
  6. Analysis & Synthesis Resource Usage Summary
  7. Analysis & Synthesis Resource Utilization by Entity
  8. State Machine - |circuit_d|detector_post:inst1|previous_state
  9. Registers Removed During Synthesis
 10. General Register Statistics
 11. Inverted Register Statistics
 12. Multiplexer Restructuring Statistics (Restructuring Performed)
 13. Parameter Settings for User Entity Instance: detector_post:inst1
 14. Port Connectivity Checks: "transmitter_post:inst2|down_counter:dcntr"
 15. Post-Synthesis Netlist Statistics for Top Partition
 16. Elapsed Time Per Partition
 17. Analysis & Synthesis Messages
 18. Analysis & Synthesis Suppressed Messages



----------------
; Legal Notice ;
----------------
Copyright (C) 2020  Intel Corporation. All rights reserved.
Your use of Intel Corporation's design tools, logic functions 
and other software and tools, and any partner logic 
functions, and any output files from any of the foregoing 
(including device programming or simulation files), and any 
associated documentation or information are expressly subject 
to the terms and conditions of the Intel Program License 
Subscription Agreement, the Intel Quartus Prime License Agreement,
the Intel FPGA IP License Agreement, or other applicable license
agreement, including, without limitation, that your use is for
the sole purpose of programming logic devices manufactured by
Intel and sold by Intel or its authorized distributors.  Please
refer to the applicable agreement for further details, at
https://fpgasoftware.intel.com/eula.



+----------------------------------------------------------------------------------+
; Analysis & Synthesis Summary                                                     ;
+------------------------------------+---------------------------------------------+
; Analysis & Synthesis Status        ; Successful - Tue Jan 02 17:02:32 2024       ;
; Quartus Prime Version              ; 20.1.0 Build 711 06/05/2020 SJ Lite Edition ;
; Revision Name                      ; circuit_d                                   ;
; Top-level Entity Name              ; circuit_d                                   ;
; Family                             ; Cyclone IV GX                               ;
; Total logic elements               ; 47                                          ;
;     Total combinational functions  ; 39                                          ;
;     Dedicated logic registers      ; 31                                          ;
; Total registers                    ; 31                                          ;
; Total pins                         ; 14                                          ;
; Total virtual pins                 ; 0                                           ;
; Total memory bits                  ; 0                                           ;
; Embedded Multiplier 9-bit elements ; 0                                           ;
; Total GXB Receiver Channel PCS     ; 0                                           ;
; Total GXB Receiver Channel PMA     ; 0                                           ;
; Total GXB Transmitter Channel PCS  ; 0                                           ;
; Total GXB Transmitter Channel PMA  ; 0                                           ;
; Total PLLs                         ; 0                                           ;
+------------------------------------+---------------------------------------------+


+------------------------------------------------------------------------------------------------------------+
; Analysis & Synthesis Settings                                                                              ;
+------------------------------------------------------------------+--------------------+--------------------+
; Option                                                           ; Setting            ; Default Value      ;
+------------------------------------------------------------------+--------------------+--------------------+
; Device                                                           ; EP4CGX15BF14A7     ;                    ;
; Top-level entity name                                            ; circuit_d          ; circuit_d          ;
; Family name                                                      ; Cyclone IV GX      ; Cyclone V          ;
; Use smart compilation                                            ; Off                ; Off                ;
; Enable parallel Assembler and Timing Analyzer during compilation ; On                 ; On                 ;
; Enable compact report table                                      ; Off                ; Off                ;
; Restructure Multiplexers                                         ; Auto               ; Auto               ;
; Create Debugging Nodes for IP Cores                              ; Off                ; Off                ;
; Preserve fewer node names                                        ; On                 ; On                 ;
; Intel FPGA IP Evaluation Mode                                    ; Enable             ; Enable             ;
; Verilog Version                                                  ; Verilog_2001       ; Verilog_2001       ;
; VHDL Version                                                     ; VHDL_1993          ; VHDL_1993          ;
; State Machine Processing                                         ; Auto               ; Auto               ;
; Safe State Machine                                               ; Off                ; Off                ;
; Extract Verilog State Machines                                   ; On                 ; On                 ;
; Extract VHDL State Machines                                      ; On                 ; On                 ;
; Ignore Verilog initial constructs                                ; Off                ; Off                ;
; Iteration limit for constant Verilog loops                       ; 5000               ; 5000               ;
; Iteration limit for non-constant Verilog loops                   ; 250                ; 250                ;
; Add Pass-Through Logic to Inferred RAMs                          ; On                 ; On                 ;
; Infer RAMs from Raw Logic                                        ; On                 ; On                 ;
; Parallel Synthesis                                               ; On                 ; On                 ;
; DSP Block Balancing                                              ; Auto               ; Auto               ;
; NOT Gate Push-Back                                               ; On                 ; On                 ;
; Power-Up Don't Care                                              ; On                 ; On                 ;
; Remove Redundant Logic Cells                                     ; Off                ; Off                ;
; Remove Duplicate Registers                                       ; On                 ; On                 ;
; Ignore CARRY Buffers                                             ; Off                ; Off                ;
; Ignore CASCADE Buffers                                           ; Off                ; Off                ;
; Ignore GLOBAL Buffers                                            ; Off                ; Off                ;
; Ignore ROW GLOBAL Buffers                                        ; Off                ; Off                ;
; Ignore LCELL Buffers                                             ; Off                ; Off                ;
; Ignore SOFT Buffers                                              ; On                 ; On                 ;
; Limit AHDL Integers to 32 Bits                                   ; Off                ; Off                ;
; Optimization Technique                                           ; Balanced           ; Balanced           ;
; Carry Chain Length                                               ; 70                 ; 70                 ;
; Auto Carry Chains                                                ; On                 ; On                 ;
; Auto Open-Drain Pins                                             ; On                 ; On                 ;
; Perform WYSIWYG Primitive Resynthesis                            ; Off                ; Off                ;
; Auto ROM Replacement                                             ; On                 ; On                 ;
; Auto RAM Replacement                                             ; On                 ; On                 ;
; Auto DSP Block Replacement                                       ; On                 ; On                 ;
; Auto Shift Register Replacement                                  ; Auto               ; Auto               ;
; Allow Shift Register Merging across Hierarchies                  ; Auto               ; Auto               ;
; Auto Clock Enable Replacement                                    ; On                 ; On                 ;
; Strict RAM Replacement                                           ; Off                ; Off                ;
; Allow Synchronous Control Signals                                ; On                 ; On                 ;
; Force Use of Synchronous Clear Signals                           ; Off                ; Off                ;
; Auto RAM Block Balancing                                         ; On                 ; On                 ;
; Auto RAM to Logic Cell Conversion                                ; Off                ; Off                ;
; Auto Resource Sharing                                            ; Off                ; Off                ;
; Allow Any RAM Size For Recognition                               ; Off                ; Off                ;
; Allow Any ROM Size For Recognition                               ; Off                ; Off                ;
; Allow Any Shift Register Size For Recognition                    ; Off                ; Off                ;
; Use LogicLock Constraints during Resource Balancing              ; On                 ; On                 ;
; Ignore translate_off and synthesis_off directives                ; Off                ; Off                ;
; Timing-Driven Synthesis                                          ; On                 ; On                 ;
; Report Parameter Settings                                        ; On                 ; On                 ;
; Report Source Assignments                                        ; On                 ; On                 ;
; Report Connectivity Checks                                       ; On                 ; On                 ;
; Ignore Maximum Fan-Out Assignments                               ; Off                ; Off                ;
; Synchronization Register Chain Length                            ; 2                  ; 2                  ;
; Power Optimization During Synthesis                              ; Normal compilation ; Normal compilation ;
; HDL message level                                                ; Level2             ; Level2             ;
; Suppress Register Optimization Related Messages                  ; Off                ; Off                ;
; Number of Removed Registers Reported in Synthesis Report         ; 5000               ; 5000               ;
; Number of Swept Nodes Reported in Synthesis Report               ; 5000               ; 5000               ;
; Number of Inverted Registers Reported in Synthesis Report        ; 100                ; 100                ;
; Clock MUX Protection                                             ; On                 ; On                 ;
; Auto Gated Clock Conversion                                      ; Off                ; Off                ;
; Block Design Naming                                              ; Auto               ; Auto               ;
; SDC constraint protection                                        ; Off                ; Off                ;
; Synthesis Effort                                                 ; Auto               ; Auto               ;
; Shift Register Replacement - Allow Asynchronous Clear Signal     ; On                 ; On                 ;
; Pre-Mapping Resynthesis Optimization                             ; Off                ; Off                ;
; Analysis & Synthesis Message Level                               ; Medium             ; Medium             ;
; Disable Register Merging Across Hierarchies                      ; Auto               ; Auto               ;
; Resource Aware Inference For Block RAM                           ; On                 ; On                 ;
+------------------------------------------------------------------+--------------------+--------------------+


+------------------------------------------+
; Parallel Compilation                     ;
+----------------------------+-------------+
; Processors                 ; Number      ;
+----------------------------+-------------+
; Number detected on machine ; 12          ;
; Maximum allowed            ; 6           ;
;                            ;             ;
; Average used               ; 1.00        ;
; Maximum used               ; 6           ;
;                            ;             ;
; Usage by Processor         ; % Time Used ;
;     Processor 1            ; 100.0%      ;
;     Processors 2-6         ;   0.0%      ;
+----------------------------+-------------+


+-------------------------------------------------------------------------------------------------------------------------------------------------------------------------------+
; Analysis & Synthesis Source Files Read                                                                                                                                        ;
+----------------------------------+-----------------+------------------------------------+---------------------------------------------------------------------------+---------+
; File Name with User-Entered Path ; Used in Netlist ; File Type                          ; File Name with Absolute Path                                              ; Library ;
+----------------------------------+-----------------+------------------------------------+---------------------------------------------------------------------------+---------+
; circuit_d.bdf                    ; yes             ; User Block Diagram/Schematic File  ; C:/aidin/AIDIN/peregrine/term-3/Digital-systems/Cas/ca5/d/1/circuit_d.bdf ;         ;
; transmitter.v                    ; yes             ; User Verilog HDL File              ; C:/aidin/AIDIN/peregrine/term-3/Digital-systems/Cas/ca5/d/1/transmitter.v ;         ;
; bit_counter.v                    ; yes             ; User Verilog HDL File              ; C:/aidin/AIDIN/peregrine/term-3/Digital-systems/Cas/ca5/d/1/bit_counter.v ;         ;
; sequencer.v                      ; yes             ; User Verilog HDL File              ; C:/aidin/AIDIN/peregrine/term-3/Digital-systems/Cas/ca5/d/1/sequencer.v   ;         ;
+----------------------------------+-----------------+------------------------------------+---------------------------------------------------------------------------+---------+


+---------------------------------------------+
; Analysis & Synthesis Resource Usage Summary ;
+--------------------------+------------------+
; Resource                 ; Usage            ;
+--------------------------+------------------+
; I/O pins                 ; 14               ;
;                          ;                  ;
; DSP block 9-bit elements ; 0                ;
;                          ;                  ;
; Maximum fan-out node     ; clk~input        ;
; Maximum fan-out          ; 31               ;
; Total fan-out            ; 250              ;
; Average fan-out          ; 2.55             ;
+--------------------------+------------------+


+-------------------------------------------------------------------------------------------------------------------------------------------------------------------------------------------------------------------------------------------------------------+
; Analysis & Synthesis Resource Utilization by Entity                                                                                                                                                                                                         ;
+-----------------------------+---------------------+---------------------------+-------------+--------------+---------+-----------+-----------+------+--------------+------------------------------------------------------+------------------+--------------+
; Compilation Hierarchy Node  ; Combinational ALUTs ; Dedicated Logic Registers ; Memory Bits ; DSP Elements ; DSP 9x9 ; DSP 18x18 ; DSP 36x36 ; Pins ; Virtual Pins ; Full Hierarchy Name                                  ; Entity Name      ; Library Name ;
+-----------------------------+---------------------+---------------------------+-------------+--------------+---------+-----------+-----------+------+--------------+------------------------------------------------------+------------------+--------------+
; |circuit_d                  ; 39 (0)              ; 31 (0)                    ; 0           ; 0            ; 0       ; 0         ; 0         ; 14   ; 0            ; |circuit_d                                           ; circuit_d        ; work         ;
;    |bit_counter_post:inst|  ; 7 (0)               ; 12 (0)                    ; 0           ; 0            ; 0       ; 0         ; 0         ; 0    ; 0            ; |circuit_d|bit_counter_post:inst                     ; bit_counter_post ; work         ;
;       |counter:the_cnt|     ; 7 (7)               ; 4 (4)                     ; 0           ; 0            ; 0       ; 0         ; 0         ; 0    ; 0            ; |circuit_d|bit_counter_post:inst|counter:the_cnt     ; counter          ; work         ;
;       |shift_reg:s_reg|     ; 0 (0)               ; 8 (8)                     ; 0           ; 0            ; 0       ; 0         ; 0         ; 0    ; 0            ; |circuit_d|bit_counter_post:inst|shift_reg:s_reg     ; shift_reg        ; work         ;
;    |detector_post:inst1|    ; 12 (12)             ; 10 (10)                   ; 0           ; 0            ; 0       ; 0         ; 0         ; 0    ; 0            ; |circuit_d|detector_post:inst1                       ; detector_post    ; work         ;
;    |transmitter_post:inst2| ; 20 (1)              ; 9 (1)                     ; 0           ; 0            ; 0       ; 0         ; 0         ; 0    ; 0            ; |circuit_d|transmitter_post:inst2                    ; transmitter_post ; work         ;
;       |down_counter:dcntr|  ; 19 (19)             ; 8 (8)                     ; 0           ; 0            ; 0       ; 0         ; 0         ; 0    ; 0            ; |circuit_d|transmitter_post:inst2|down_counter:dcntr ; down_counter     ; work         ;
+-----------------------------+---------------------+---------------------------+-------------+--------------+---------+-----------+-----------+------+--------------+------------------------------------------------------+------------------+--------------+
Note: For table entries with two numbers listed, the numbers in parentheses indicate the number of resources of the given type used by the specific entity alone. The numbers listed outside of parentheses indicate the total resources of the given type used by the specific entity and all of its sub-entities in the hierarchy.


Encoding Type:  One-Hot
+-----------------------------------------------------------------------------------------------------------------------------------------------------------------------------------------------------------------------------------------------------------------------------------------------------------+
; State Machine - |circuit_d|detector_post:inst1|previous_state                                                                                                                                                                                                                                             ;
+-----------------------------------+---------------------------------+---------------------------------+-----------------------------------+--------------------------+------------------+------------------+------------------+------------------+------------------+------------------+------------------+
; Name                              ; previous_state.wait_to_get_back ; previous_state.rise_transmitter ; previous_state.wait_for_tr_signal ; previous_state.rise_nbit ; previous_state.G ; previous_state.F ; previous_state.E ; previous_state.D ; previous_state.C ; previous_state.B ; previous_state.A ;
+-----------------------------------+---------------------------------+---------------------------------+-----------------------------------+--------------------------+------------------+------------------+------------------+------------------+------------------+------------------+------------------+
; previous_state.A                  ; 0                               ; 0                               ; 0                                 ; 0                        ; 0                ; 0                ; 0                ; 0                ; 0                ; 0                ; 0                ;
; previous_state.B                  ; 0                               ; 0                               ; 0                                 ; 0                        ; 0                ; 0                ; 0                ; 0                ; 0                ; 1                ; 1                ;
; previous_state.C                  ; 0                               ; 0                               ; 0                                 ; 0                        ; 0                ; 0                ; 0                ; 0                ; 1                ; 0                ; 1                ;
; previous_state.D                  ; 0                               ; 0                               ; 0                                 ; 0                        ; 0                ; 0                ; 0                ; 1                ; 0                ; 0                ; 1                ;
; previous_state.E                  ; 0                               ; 0                               ; 0                                 ; 0                        ; 0                ; 0                ; 1                ; 0                ; 0                ; 0                ; 1                ;
; previous_state.F                  ; 0                               ; 0                               ; 0                                 ; 0                        ; 0                ; 1                ; 0                ; 0                ; 0                ; 0                ; 1                ;
; previous_state.G                  ; 0                               ; 0                               ; 0                                 ; 0                        ; 1                ; 0                ; 0                ; 0                ; 0                ; 0                ; 1                ;
; previous_state.rise_nbit          ; 0                               ; 0                               ; 0                                 ; 1                        ; 0                ; 0                ; 0                ; 0                ; 0                ; 0                ; 1                ;
; previous_state.wait_for_tr_signal ; 0                               ; 0                               ; 1                                 ; 0                        ; 0                ; 0                ; 0                ; 0                ; 0                ; 0                ; 1                ;
; previous_state.rise_transmitter   ; 0                               ; 1                               ; 0                                 ; 0                        ; 0                ; 0                ; 0                ; 0                ; 0                ; 0                ; 1                ;
; previous_state.wait_to_get_back   ; 1                               ; 0                               ; 0                                 ; 0                        ; 0                ; 0                ; 0                ; 0                ; 0                ; 0                ; 1                ;
+-----------------------------------+---------------------------------+---------------------------------+-----------------------------------+--------------------------+------------------+------------------+------------------+------------------+------------------+------------------+------------------+


+------------------------------------------------------------+
; Registers Removed During Synthesis                         ;
+---------------------------------------+--------------------+
; Register name                         ; Reason for Removal ;
+---------------------------------------+--------------------+
; detector_post:inst1|previous_state~4  ; Lost fanout        ;
; detector_post:inst1|previous_state~5  ; Lost fanout        ;
; detector_post:inst1|previous_state~6  ; Lost fanout        ;
; detector_post:inst1|previous_state~7  ; Lost fanout        ;
; detector_post:inst1|previous_state.A  ; Lost fanout        ;
; Total Number of Removed Registers = 5 ;                    ;
+---------------------------------------+--------------------+


+------------------------------------------------------+
; General Register Statistics                          ;
+----------------------------------------------+-------+
; Statistic                                    ; Value ;
+----------------------------------------------+-------+
; Total registers                              ; 31    ;
; Number of registers using Synchronous Clear  ; 0     ;
; Number of registers using Synchronous Load   ; 8     ;
; Number of registers using Asynchronous Clear ; 30    ;
; Number of registers using Asynchronous Load  ; 0     ;
; Number of registers using Clock Enable       ; 16    ;
; Number of registers using Preset             ; 0     ;
+----------------------------------------------+-------+


+------------------------------------------------------------+
; Inverted Register Statistics                               ;
+--------------------------------------------------+---------+
; Inverted Register                                ; Fan out ;
+--------------------------------------------------+---------+
; bit_counter_post:inst|counter:the_cnt|contain[3] ; 3       ;
; Total number of inverted registers = 1           ;         ;
+--------------------------------------------------+---------+


+-------------------------------------------------------------------------------------------------------------------------------------------------------------------------------+
; Multiplexer Restructuring Statistics (Restructuring Performed)                                                                                                                ;
+--------------------+-----------+---------------+----------------------+------------------------+------------+-----------------------------------------------------------------+
; Multiplexer Inputs ; Bus Width ; Baseline Area ; Area if Restructured ; Saving if Restructured ; Registered ; Example Multiplexer Output                                      ;
+--------------------+-----------+---------------+----------------------+------------------------+------------+-----------------------------------------------------------------+
; 3:1                ; 8 bits    ; 16 LEs        ; 8 LEs                ; 8 LEs                  ; Yes        ; |circuit_d|transmitter_post:inst2|down_counter:dcntr|contain[0] ;
; 3:1                ; 3 bits    ; 6 LEs         ; 3 LEs                ; 3 LEs                  ; Yes        ; |circuit_d|bit_counter_post:inst|counter:the_cnt|contain[2]     ;
+--------------------+-----------+---------------+----------------------+------------------------+------------+-----------------------------------------------------------------+


+------------------------------------------------------------------+
; Parameter Settings for User Entity Instance: detector_post:inst1 ;
+--------------------+-------+-------------------------------------+
; Parameter Name     ; Value ; Type                                ;
+--------------------+-------+-------------------------------------+
; A                  ; 0000  ; Unsigned Binary                     ;
; B                  ; 0001  ; Unsigned Binary                     ;
; C                  ; 0010  ; Unsigned Binary                     ;
; D                  ; 0011  ; Unsigned Binary                     ;
; E                  ; 0100  ; Unsigned Binary                     ;
; F                  ; 0101  ; Unsigned Binary                     ;
; G                  ; 0110  ; Unsigned Binary                     ;
; rise_nbit          ; 0111  ; Unsigned Binary                     ;
; rise_transmitter   ; 1001  ; Unsigned Binary                     ;
; wait_for_tr_signal ; 1000  ; Unsigned Binary                     ;
; wait_to_get_back   ; 1010  ; Unsigned Binary                     ;
+--------------------+-------+-------------------------------------+
Note: In order to hide this table in the UI and the text report file, please set the "Show Parameter Settings in Synthesis Report" option in "Analysis and Synthesis Settings -> More Settings" to "Off".


+---------------------------------------------------------------------------------------------------------------------+
; Port Connectivity Checks: "transmitter_post:inst2|down_counter:dcntr"                                               ;
+-----------+--------+----------+-------------------------------------------------------------------------------------+
; Port      ; Type   ; Severity ; Details                                                                             ;
+-----------+--------+----------+-------------------------------------------------------------------------------------+
; container ; Output ; Info     ; Connected to dangling logic. Logic that only feeds a dangling port will be removed. ;
+-----------+--------+----------+-------------------------------------------------------------------------------------+


+-----------------------------------------------------+
; Post-Synthesis Netlist Statistics for Top Partition ;
+-----------------------+-----------------------------+
; Type                  ; Count                       ;
+-----------------------+-----------------------------+
; boundary_port         ; 14                          ;
; cycloneiii_ff         ; 31                          ;
;     CLR               ; 14                          ;
;     ENA CLR           ; 8                           ;
;     ENA CLR SLD       ; 8                           ;
;     plain             ; 1                           ;
; cycloneiii_lcell_comb ; 39                          ;
;     arith             ; 14                          ;
;         2 data inputs ; 14                          ;
;     normal            ; 25                          ;
;         1 data inputs ; 2                           ;
;         2 data inputs ; 8                           ;
;         3 data inputs ; 5                           ;
;         4 data inputs ; 10                          ;
;                       ;                             ;
; Max LUT depth         ; 3.00                        ;
; Average LUT depth     ; 1.67                        ;
+-----------------------+-----------------------------+


+-------------------------------+
; Elapsed Time Per Partition    ;
+----------------+--------------+
; Partition Name ; Elapsed Time ;
+----------------+--------------+
; Top            ; 00:00:00     ;
+----------------+--------------+


+-------------------------------+
; Analysis & Synthesis Messages ;
+-------------------------------+
Info: *******************************************************************
Info: Running Quartus Prime Analysis & Synthesis
    Info: Version 20.1.0 Build 711 06/05/2020 SJ Lite Edition
    Info: Processing started: Tue Jan 02 17:02:24 2024
Info: Command: quartus_map --read_settings_files=on --write_settings_files=off circuit_d -c circuit_d
Warning (18236): Number of processors has not been specified which may cause overloading on shared machines.  Set the global assignment NUM_PARALLEL_PROCESSORS in your QSF to an appropriate value for best performance.
Info (20030): Parallel compilation is enabled and will use 6 of the 6 processors detected
Info (12021): Found 1 design units, including 1 entities, in source file circuit_d.bdf
    Info (12023): Found entity 1: circuit_d
Info (12021): Found 2 design units, including 2 entities, in source file transmitter.v
    Info (12023): Found entity 1: transmitter_post File: C:/aidin/AIDIN/peregrine/term-3/Digital-systems/Cas/ca5/d/1/transmitter.v Line: 3
    Info (12023): Found entity 2: down_counter File: C:/aidin/AIDIN/peregrine/term-3/Digital-systems/Cas/ca5/d/1/transmitter.v Line: 19
Info (12021): Found 3 design units, including 3 entities, in source file bit_counter.v
    Info (12023): Found entity 1: bit_counter_post File: C:/aidin/AIDIN/peregrine/term-3/Digital-systems/Cas/ca5/d/1/bit_counter.v Line: 3
    Info (12023): Found entity 2: counter File: C:/aidin/AIDIN/peregrine/term-3/Digital-systems/Cas/ca5/d/1/bit_counter.v Line: 12
    Info (12023): Found entity 3: shift_reg File: C:/aidin/AIDIN/peregrine/term-3/Digital-systems/Cas/ca5/d/1/bit_counter.v Line: 35
Info (12021): Found 1 design units, including 1 entities, in source file sequencer.v
    Info (12023): Found entity 1: detector_post File: C:/aidin/AIDIN/peregrine/term-3/Digital-systems/Cas/ca5/d/1/sequencer.v Line: 3
Info (12127): Elaborating entity "circuit_d" for the top level hierarchy
Info (12128): Elaborating entity "transmitter_post" for hierarchy "transmitter_post:inst2"
Info (12128): Elaborating entity "down_counter" for hierarchy "transmitter_post:inst2|down_counter:dcntr" File: C:/aidin/AIDIN/peregrine/term-3/Digital-systems/Cas/ca5/d/1/transmitter.v Line: 10
Warning (10230): Verilog HDL assignment warning at transmitter.v(23): truncated value with size 32 to match size of target (8) File: C:/aidin/AIDIN/peregrine/term-3/Digital-systems/Cas/ca5/d/1/transmitter.v Line: 23
Warning (10230): Verilog HDL assignment warning at transmitter.v(24): truncated value with size 32 to match size of target (8) File: C:/aidin/AIDIN/peregrine/term-3/Digital-systems/Cas/ca5/d/1/transmitter.v Line: 24
Info (12128): Elaborating entity "detector_post" for hierarchy "detector_post:inst1"
Info (12128): Elaborating entity "bit_counter_post" for hierarchy "bit_counter_post:inst"
Info (12128): Elaborating entity "counter" for hierarchy "bit_counter_post:inst|counter:the_cnt" File: C:/aidin/AIDIN/peregrine/term-3/Digital-systems/Cas/ca5/d/1/bit_counter.v Line: 7
Warning (10230): Verilog HDL assignment warning at bit_counter.v(19): truncated value with size 32 to match size of target (4) File: C:/aidin/AIDIN/peregrine/term-3/Digital-systems/Cas/ca5/d/1/bit_counter.v Line: 19
Info (12128): Elaborating entity "shift_reg" for hierarchy "bit_counter_post:inst|shift_reg:s_reg" File: C:/aidin/AIDIN/peregrine/term-3/Digital-systems/Cas/ca5/d/1/bit_counter.v Line: 8
Info (13000): Registers with preset signals will power-up high File: C:/aidin/AIDIN/peregrine/term-3/Digital-systems/Cas/ca5/d/1/bit_counter.v Line: 26
Info (13003): DEV_CLRn pin will set, and not reset, register with preset signal due to NOT Gate Push-Back
Info (286030): Timing-Driven Synthesis is running
Info (17049): 5 registers lost all their fanouts during netlist optimizations.
Info (144001): Generated suppressed messages file C:/aidin/AIDIN/peregrine/term-3/Digital-systems/Cas/ca5/d/1/output_files/circuit_d.map.smsg
Info (16010): Generating hard_block partition "hard_block:auto_generated_inst"
    Info (16011): Adding 0 node(s), including 0 DDIO, 0 PLL, 0 transceiver and 0 LCELL
Info (21057): Implemented 63 device resources after synthesis - the final resource count might be different
    Info (21058): Implemented 3 input pins
    Info (21059): Implemented 11 output pins
    Info (21061): Implemented 49 logic cells
Info: Quartus Prime Analysis & Synthesis was successful. 0 errors, 4 warnings
    Info: Peak virtual memory: 4848 megabytes
    Info: Processing ended: Tue Jan 02 17:02:32 2024
    Info: Elapsed time: 00:00:08
    Info: Total CPU time (on all processors): 00:00:17


+------------------------------------------+
; Analysis & Synthesis Suppressed Messages ;
+------------------------------------------+
The suppressed messages can be found in C:/aidin/AIDIN/peregrine/term-3/Digital-systems/Cas/ca5/d/1/output_files/circuit_d.map.smsg.


